Abnoba kaftan
Acipayam belt
Adhemar wristbands
Ahosi leggings
Amalric coif
Assim. charuqs +1
Assim. jubbah +3
Begrudging ring
Blistering sallet +1
Brutal earring
Calamitous earring
Carmine greaves +1
Carmine mask
Carmine mask +1
Carrier's sash
Cessance earring
Cornflower cape
Cryptic earring
Dampening tam
Defending ring
Dignitary's earring
Eabani earring
Emet harness +1
Engulfer cape +1
Epona's ring
Erra pendant
Eschan stone
Etana ring
Ethereal earring
Etiolation earring
Flashward earring
Floestone
Flume belt
Fotia belt
Fotia gorget
Gishdubar sash
Gyve trousers
Hachirin-no-obi
Hashishin bazubands +1
Hashishin tayt +1
Hearty earring
Herculean gloves {Accuracy+11 Attack+11, "Triple Atk."+2, STR+10, Accuracy+15, Attack+5}
Herculean gloves {Accuracy+13, Damage taken-3%, AGI+1, Attack+5}
Herculean gloves {Accuracy+21 Attack+21, Weapon skill damage +4%, Accuracy+9, Attack+10}
Herculean gloves {Accuracy+23 Attack+23, "Triple Atk."+2, DEX+15, Accuracy+11, Attack+13}
Herculean gloves {Attack+23, Crit. hit damage +4%, DEX+8, Accuracy+11}
Herculean gloves {DEX+7, Weapon skill damage +2%, "Refresh"+1}
Herculean gloves {INT+5, Pet: "Dbl. Atk."+3, Phalanx +4}
Herculean helm {Accuracy+23 Attack+23, Weapon skill damage +3%, STR+3, Accuracy+13, Attack+11}
Herculean helm {Attack+12, Phys. dmg. taken -4%, STR+9, Accuracy+8}
Herculean helm {Attack+18, Weapon skill damage +4%, STR+10, Accuracy+12}
Herculean helm {Weapon skill damage +2%, Pet: Accuracy+11 Pet: Rng. Acc.+11, "Refresh"+2}
Herculean trousers {Accuracy+22, Damage taken-2%, VIT+6}
Herculean trousers {Attack+28, Weapon skill damage +3%, STR+10, Accuracy+9}
Hermetic earring
Hetairoi ring
Hydrocera
Ifrit ring +1
Ilabrat ring
Infused earring
Invidia torque

Jukukik feather
Kentarch belt +1
Kishar ring
Kumbira cape
Kunaji ring
Lebeche ring
Lengo pants
Leyline gloves
Loricate torque +1
Luhlaza bazubands
Luhlaza charuqs +1
Luhlaza keffiyeh
Mache earring
Matrimony ring
None
Obatala subligar
Odnowa earring +1
Odnowa earring +1 
Pemphredo tathlum
Perimede cape
Pernicious ring
Phalaina locket
Pixie hairpin +1
Prosilio belt +1
Purity ring
Reiki cloak
Reiki yotai
Rufescent ring
Sangoma ring
Sapience orb
Sayadio's kaftan
Shadow ring
Sheltered ring
Shiva ring +1
Shrieker's cuffs
Shukuyu ring
Stikini ring
Supershear ring
Suppanomimi
Taeon boots {Mag. Acc.+9, "Conserve MP"+5, "Regen" potency+3}
Telchine braconi {Accuracy+16, "Dbl.Atk."+3, STR+9}
Telchine braconi {Potency of "Cure" effect received+7%, INT+1 MND+1}
Telchine cap
Telos earring
Vedic coat
Vrikodara jupon
Warder's charm +1
Weatherspoon ring
Wiglen gorget
Windbuffet belt +1
Wuji ring

